  main.cpp
e:\students\поток 28\ит-2835\стрижаков\company\company\subheader.h(23): warning C4996: 'wcscpy': This function or variable may be unsafe. Consider using wcscpy_s instead. To disable deprecation, use _CRT_SECURE_NO_WARNINGS. See online help for details.
  c:\program files (x86)\windows kits\10\include\10.0.10240.0\ucrt\corecrt_wstring.h(121): note:  см. объявление "wcscpy"
e:\students\поток 28\ит-2835\стрижаков\company\company\subheader.h(61): warning C4244: =: преобразование "double" в "int", возможна потеря данных
e:\students\поток 28\ит-2835\стрижаков\company\company\main.cpp(26): warning C4996: 'fopen': This function or variable may be unsafe. Consider using fopen_s instead. To disable deprecation, use _CRT_SECURE_NO_WARNINGS. See online help for details.
  c:\program files (x86)\windows kits\10\include\10.0.10240.0\ucrt\stdio.h(205): note:  см. объявление "fopen"
e:\students\поток 28\ит-2835\стрижаков\company\company\main.cpp(30): warning C4996: 'fopen': This function or variable may be unsafe. Consider using fopen_s instead. To disable deprecation, use _CRT_SECURE_NO_WARNINGS. See online help for details.
  c:\program files (x86)\windows kits\10\include\10.0.10240.0\ucrt\stdio.h(205): note:  см. объявление "fopen"
e:\students\поток 28\ит-2835\стрижаков\company\company\main.cpp(59): warning C4996: 'fopen': This function or variable may be unsafe. Consider using fopen_s instead. To disable deprecation, use _CRT_SECURE_NO_WARNINGS. See online help for details.
  c:\program files (x86)\windows kits\10\include\10.0.10240.0\ucrt\stdio.h(205): note:  см. объявление "fopen"
e:\students\поток 28\ит-2835\стрижаков\company\company\main.cpp(67): warning C4996: 'itoa': The POSIX name for this item is deprecated. Instead, use the ISO C and C++ conformant name: _itoa. See online help for details.
  c:\program files (x86)\windows kits\10\include\10.0.10240.0\ucrt\stdlib.h(1316): note:  см. объявление "itoa"
e:\students\поток 28\ит-2835\стрижаков\company\company\main.cpp(70): warning C4996: 'strcat': This function or variable may be unsafe. Consider using strcat_s instead. To disable deprecation, use _CRT_SECURE_NO_WARNINGS. See online help for details.
  c:\program files (x86)\windows kits\10\include\10.0.10240.0\ucrt\string.h(90): note:  см. объявление "strcat"
e:\students\поток 28\ит-2835\стрижаков\company\company\main.cpp(71): warning C4996: 'fopen': This function or variable may be unsafe. Consider using fopen_s instead. To disable deprecation, use _CRT_SECURE_NO_WARNINGS. See online help for details.
  c:\program files (x86)\windows kits\10\include\10.0.10240.0\ucrt\stdio.h(205): note:  см. объявление "fopen"
e:\students\поток 28\ит-2835\стрижаков\company\company\main.cpp(88): warning C4996: 'itoa': The POSIX name for this item is deprecated. Instead, use the ISO C and C++ conformant name: _itoa. See online help for details.
  c:\program files (x86)\windows kits\10\include\10.0.10240.0\ucrt\stdlib.h(1316): note:  см. объявление "itoa"
e:\students\поток 28\ит-2835\стрижаков\company\company\main.cpp(89): warning C4996: 'strcat': This function or variable may be unsafe. Consider using strcat_s instead. To disable deprecation, use _CRT_SECURE_NO_WARNINGS. See online help for details.
  c:\program files (x86)\windows kits\10\include\10.0.10240.0\ucrt\string.h(90): note:  см. объявление "strcat"
e:\students\поток 28\ит-2835\стрижаков\company\company\main.cpp(90): warning C4996: 'fopen': This function or variable may be unsafe. Consider using fopen_s instead. To disable deprecation, use _CRT_SECURE_NO_WARNINGS. See online help for details.
  c:\program files (x86)\windows kits\10\include\10.0.10240.0\ucrt\stdio.h(205): note:  см. объявление "fopen"
e:\students\поток 28\ит-2835\стрижаков\company\company\main.cpp(119): warning C4244: аргумент: преобразование "time_t" в "unsigned int", возможна потеря данных
e:\students\поток 28\ит-2835\стрижаков\company\company\main.cpp(253): warning C4996: 'getch': The POSIX name for this item is deprecated. Instead, use the ISO C and C++ conformant name: _getch. See online help for details.
  c:\program files (x86)\windows kits\10\include\10.0.10240.0\ucrt\conio.h(452): note:  см. объявление "getch"
  Company.vcxproj -> E:\Students\Поток 28\ИТ-2835\Стрижаков\Company\Debug\Company.exe
  Company.vcxproj -> E:\Students\Поток 28\ИТ-2835\Стрижаков\Company\Debug\Company.pdb (Full PDB)
