d:\files\работы\2 семестр\projects\changecolor\changecolor\debug\vc140.pdb
d:\files\работы\2 семестр\projects\changecolor\changecolor\debug\vc140.idb
d:\files\работы\2 семестр\projects\changecolor\changecolor\debug\main.obj
d:\files\работы\2 семестр\projects\changecolor\debug\changecolor.ilk
d:\files\работы\2 семестр\projects\changecolor\debug\changecolor.exe
d:\files\работы\2 семестр\projects\changecolor\debug\changecolor.pdb
d:\files\работы\2 семестр\projects\changecolor\changecolor\debug\changecolor.res
f:\works\winapi\changecolor\changecolor\debug\main.obj
f:\works\winapi\changecolor\changecolor\debug\changecolor.res
f:\works\winapi\changecolor\changecolor\debug\vc140.idb
f:\works\winapi\changecolor\changecolor\debug\vc140.pdb
f:\works\winapi\changecolor\debug\changecolor.pdb
f:\works\winapi\changecolor\debug\changecolor.exe
f:\works\winapi\changecolor\debug\changecolor.ilk
f:\works\winapi\changecolor\changecolor\debug\changecolor.tlog\cl.command.1.tlog
f:\works\winapi\changecolor\changecolor\debug\changecolor.tlog\cl.read.1.tlog
f:\works\winapi\changecolor\changecolor\debug\changecolor.tlog\cl.write.1.tlog
f:\works\winapi\changecolor\changecolor\debug\changecolor.tlog\link.command.1.tlog
f:\works\winapi\changecolor\changecolor\debug\changecolor.tlog\link.read.1.tlog
f:\works\winapi\changecolor\changecolor\debug\changecolor.tlog\link.write.1.tlog
f:\works\winapi\changecolor\changecolor\debug\changecolor.tlog\rc.command.1.tlog
f:\works\winapi\changecolor\changecolor\debug\changecolor.tlog\rc.read.1.tlog
f:\works\winapi\changecolor\changecolor\debug\changecolor.tlog\rc.write.1.tlog
